[18:04:17] [Client thread/INFO]: Setting user: Player21
[18:04:29] [Client thread/INFO]: LWJGL Version: 2.9.1
[18:04:46] [Client thread/INFO]: Reloading ResourceManager: Default, FMLFileResourcePack:Forge Mod Loader, FMLFileResourcePack:Minecraft Forge, FMLFileResourcePack:Example Mod, FMLFileResourcePack:myMods
[18:04:47] [Sound Library Loader/INFO]: Starting up SoundSystem...
[18:04:48] [Thread-9/INFO]: Initializing LWJGL OpenAL
[18:04:48] [Thread-9/INFO]: (The LWJGL binding of OpenAL.  For more information, see http://www.lwjgl.org)
[18:04:48] [Thread-9/INFO]: OpenAL initialized.
[18:04:48] [Sound Library Loader/INFO]: Sound engine started
[18:05:12] [Client thread/INFO]: Created: 512x512 textures-atlas
[18:05:19] [Client thread/INFO]: Reloading ResourceManager: Default, FMLFileResourcePack:Forge Mod Loader, FMLFileResourcePack:Minecraft Forge, FMLFileResourcePack:Example Mod, FMLFileResourcePack:myMods
[18:05:20] [Client thread/INFO]: SoundSystem shutting down...
[18:05:20] [Client thread/WARN]: Author: Paul Lamb, www.paulscode.com
[18:05:20] [Sound Library Loader/INFO]: Starting up SoundSystem...
[18:05:20] [Thread-11/INFO]: Initializing LWJGL OpenAL
[18:05:20] [Thread-11/INFO]: (The LWJGL binding of OpenAL.  For more information, see http://www.lwjgl.org)
[18:05:21] [Thread-11/INFO]: OpenAL initialized.
[18:05:21] [Sound Library Loader/INFO]: Sound engine started
[18:05:31] [Client thread/INFO]: Created: 512x512 textures-atlas
[18:34:09] [Client thread/INFO]: Stopping!
[18:34:09] [Client thread/INFO]: SoundSystem shutting down...
[18:34:09] [Client thread/WARN]: Author: Paul Lamb, www.paulscode.com
lt, FMLFileResourcePack:Forge Mod Loader, FMLFileResourcePack:Minecraft Forge, FMLFileResourcePack:Example Mod, FMLFileResourcePack:myMods
[18:17:58] [Sound Library Loader/INFO]: Starting up SoundSystem...
[18:17:58] [Thread-8/INFO]: Initializing LWJGL OpenAL
[18:17:58] [Thread-8/INFO]: (The LWJGL binding of OpenAL.  For more information, see http://www.lwjgl.org)
[18:17:58] [Thread-8/INFO]: OpenAL initialized.
[18:17:58] [Sound Library Loader/INFO]: Sound engine started
[18:18:26] [Client thread/INFO]: Created: 512x512 textures-atlas
[18:18:36] [Client thread/INFO]: Reloading ResourceManager: Default, FMLFileResourcePack:Forge Mod Loader, FMLFileResourcePack:Minecraft Forge, FMLFileResourcePack:Example Mod, FMLFileResourcePack:myMods
[18:18:37] [Client thread/INFO]: SoundSystem shutting down...
[18:18:37] [Client thread/WARN]: Author: Paul Lamb, www.paulscode.com
[18:18:37] [Sound Library Loader/INFO]: Starting up SoundSystem...
[18:18:37] [Thread-10/INFO]: Initializing LWJGL OpenAL
[18:18:37] [Thread-10/INFO]: (The LWJGL binding of OpenAL.  For more information, see http://www.lwjgl.org)
[18:18:38] [Thread-10/INFO]: OpenAL initialized.
[18:18:38] [Sound Library Loader/INFO]: Sound engine started
[18:18:56] [Client thread/INFO]: Created: 512x512 textures-atlas
[18:34:05] [Client thread/INFO]: Stopping!
[18:34:05] [Client thread/INFO]: SoundSystem shutting down...
[18:34:05] [Client thread/WARN]: Author: Paul Lamb, www.paulscode.com
[18:37:42] [Client thread/INFO]: Setting user: Player583
[18:38:11] [Client thread/INFO]: LWJGL Version: 2.9.1
[18:38:40] [Client thread/INFO]: Reloading ResourceManager: Default, FMLFileResourcePack:Forge Mod Loader, FMLFileResourcePack:Minecraft Forge, FMLFileResourcePack:Example Mod, FMLFileResourcePack:myMods
[18:38:41] [Sound Library Loader/INFO]: Starting up SoundSystem...
[18:38:42] [Thread-8/INFO]: Initializing LWJGL OpenAL
[18:38:42] [Thread-8/INFO]: (The LWJGL binding of OpenAL.  For more information, see http://www.lwjgl.org)
[18:38:59] [Thread-8/INFO]: OpenAL initialized.
[18:38:59] [Sound Library Loader/INFO]: Sound engine started
[18:39:11] [Client thread/INFO]: Setting user: Player592
[18:39:13] [Client thread/INFO]: Setting user: Player945
